  [1m[35m (49.4ms)[0m  [1m[35mCREATE DATABASE "rnc_development" ENCODING = 'unicode'[0m
  [1m[35m (98.5ms)[0m  [1m[35mCREATE DATABASE "rnc_test" ENCODING = 'unicode'[0m
  [1m[35m (626.0ms)[0m  [1m[35mCREATE DATABASE "rnc_development" ENCODING = 'unicode'[0m
  [1m[35m (316.4ms)[0m  [1m[35mCREATE DATABASE "rnc_test" ENCODING = 'unicode'[0m
  [1m[35m (0.6ms)[0m  [1m[35mCREATE DATABASE "rnc_development" ENCODING = 'unicode'[0m
  [1m[35m (0.6ms)[0m  [1m[35mCREATE DATABASE "rnc_test" ENCODING = 'unicode'[0m
  [1m[35m (15.7ms)[0m  [1m[35mCREATE TABLE "schema_migrations" ("version" character varying NOT NULL PRIMARY KEY)[0m
  [1m[35m (8.1ms)[0m  [1m[35mCREATE TABLE "ar_internal_metadata" ("key" character varying NOT NULL PRIMARY KEY, "value" character varying, "created_at" timestamp(6) NOT NULL, "updated_at" timestamp(6) NOT NULL)[0m
  [1m[35m (0.7ms)[0m  [1m[34mSELECT pg_try_advisory_lock(3609902438160378360)[0m
  [1m[36mActiveRecord::SchemaMigration Pluck (1.1ms)[0m  [1m[34mSELECT "schema_migrations"."version" FROM "schema_migrations" ORDER BY "schema_migrations"."version" ASC[0m
Migrating to CreateUsers (20220914215925)
  [1m[36mTRANSACTION (0.5ms)[0m  [1m[35mBEGIN[0m
  [1m[35m (9.2ms)[0m  [1m[35mCREATE TABLE "users" ("id" bigserial primary key, "username" character varying NOT NULL, "created_at" timestamp(6) NOT NULL, "updated_at" timestamp(6) NOT NULL)[0m
  [1m[35m (2.9ms)[0m  [1m[35mCREATE UNIQUE INDEX "index_users_on_username" ON "users" ("username")[0m
  [1m[36mActiveRecord::SchemaMigration Create (1.2ms)[0m  [1m[32mINSERT INTO "schema_migrations" ("version") VALUES ($1) RETURNING "version"[0m  [["version", "20220914215925"]]
  [1m[36mTRANSACTION (1.2ms)[0m  [1m[35mCOMMIT[0m
  [1m[36mActiveRecord::InternalMetadata Load (1.4ms)[0m  [1m[34mSELECT "ar_internal_metadata".* FROM "ar_internal_metadata" WHERE "ar_internal_metadata"."key" = $1 LIMIT $2[0m  [["key", "environment"], ["LIMIT", 1]]
  [1m[36mTRANSACTION (0.4ms)[0m  [1m[35mBEGIN[0m
  [1m[36mActiveRecord::InternalMetadata Create (1.1ms)[0m  [1m[32mINSERT INTO "ar_internal_metadata" ("key", "value", "created_at", "updated_at") VALUES ($1, $2, $3, $4) RETURNING "key"[0m  [["key", "environment"], ["value", "development"], ["created_at", "2022-09-14 22:00:01.518944"], ["updated_at", "2022-09-14 22:00:01.518944"]]
  [1m[36mTRANSACTION (0.8ms)[0m  [1m[35mCOMMIT[0m
  [1m[35m (0.7ms)[0m  [1m[34mSELECT pg_advisory_unlock(3609902438160378360)[0m
  [1m[36mActiveRecord::SchemaMigration Pluck (1.4ms)[0m  [1m[34mSELECT "schema_migrations"."version" FROM "schema_migrations" ORDER BY "schema_migrations"."version" ASC[0m
  [1m[35m (0.3ms)[0m  [1m[34mSELECT pg_try_advisory_lock(3609902438160378360)[0m
  [1m[36mActiveRecord::SchemaMigration Pluck (0.6ms)[0m  [1m[34mSELECT "schema_migrations"."version" FROM "schema_migrations" ORDER BY "schema_migrations"."version" ASC[0m
Migrating to CreateArtworks (20220914220639)
  [1m[36mTRANSACTION (0.2ms)[0m  [1m[35mBEGIN[0m
  [1m[35m (72.7ms)[0m  [1m[35mCREATE TABLE "artworks" ("id" bigserial primary key, "title" character varying NOT NULL, "image_url" character varying NOT NULL, "artist_id_id" bigint NOT NULL, "created_at" timestamp(6) NOT NULL, "updated_at" timestamp(6) NOT NULL, CONSTRAINT "fk_rails_929ee7b914"
FOREIGN KEY ("artist_id_id")
  REFERENCES "users" ("id")
)[0m
  [1m[35m (2.7ms)[0m  [1m[35mCREATE INDEX "index_artworks_on_artist_id_id" ON "artworks" ("artist_id_id")[0m
  [1m[35m (2.8ms)[0m  [1m[35mCREATE UNIQUE INDEX "index_artworks_on_title_and_artist_id" ON "artworks" ("title", "artist_id")[0m
  [1m[36mTRANSACTION (0.3ms)[0m  [1m[31mROLLBACK[0m
  [1m[35m (0.7ms)[0m  [1m[34mSELECT pg_advisory_unlock(3609902438160378360)[0m
  [1m[35m (0.3ms)[0m  [1m[34mSELECT pg_try_advisory_lock(3609902438160378360)[0m
  [1m[36mActiveRecord::SchemaMigration Pluck (0.6ms)[0m  [1m[34mSELECT "schema_migrations"."version" FROM "schema_migrations" ORDER BY "schema_migrations"."version" ASC[0m
Migrating to CreateArtworks (20220914220639)
  [1m[36mTRANSACTION (0.4ms)[0m  [1m[35mBEGIN[0m
  [1m[35m (14.9ms)[0m  [1m[35mCREATE TABLE "artworks" ("id" bigserial primary key, "title" character varying NOT NULL, "image_url" character varying NOT NULL, "artist_id" bigint NOT NULL, "created_at" timestamp(6) NOT NULL, "updated_at" timestamp(6) NOT NULL, CONSTRAINT "fk_rails_61f542e710"
FOREIGN KEY ("artist_id")
  REFERENCES "users" ("id")
)[0m
  [1m[35m (2.8ms)[0m  [1m[35mCREATE INDEX "index_artworks_on_artist_id" ON "artworks" ("artist_id")[0m
  [1m[35m (5.9ms)[0m  [1m[35mCREATE UNIQUE INDEX "index_artworks_on_title_and_artist_id" ON "artworks" ("title", "artist_id")[0m
  [1m[36mActiveRecord::SchemaMigration Create (0.9ms)[0m  [1m[32mINSERT INTO "schema_migrations" ("version") VALUES ($1) RETURNING "version"[0m  [["version", "20220914220639"]]
  [1m[36mTRANSACTION (2.2ms)[0m  [1m[35mCOMMIT[0m
  [1m[36mActiveRecord::InternalMetadata Load (0.9ms)[0m  [1m[34mSELECT "ar_internal_metadata".* FROM "ar_internal_metadata" WHERE "ar_internal_metadata"."key" = $1 LIMIT $2[0m  [["key", "environment"], ["LIMIT", 1]]
  [1m[35m (0.7ms)[0m  [1m[34mSELECT pg_advisory_unlock(3609902438160378360)[0m
  [1m[36mActiveRecord::SchemaMigration Pluck (1.9ms)[0m  [1m[34mSELECT "schema_migrations"."version" FROM "schema_migrations" ORDER BY "schema_migrations"."version" ASC[0m
  [1m[35m (72.0ms)[0m  [1m[35mCREATE TABLE "schema_migrations" ("version" character varying NOT NULL PRIMARY KEY)[0m
  [1m[35m (15.0ms)[0m  [1m[35mCREATE TABLE "ar_internal_metadata" ("key" character varying NOT NULL PRIMARY KEY, "value" character varying, "created_at" timestamp(6) NOT NULL, "updated_at" timestamp(6) NOT NULL)[0m
  [1m[35m (0.3ms)[0m  [1m[34mSELECT pg_try_advisory_lock(3609902438160378360)[0m
  [1m[36mActiveRecord::SchemaMigration Pluck (0.6ms)[0m  [1m[34mSELECT "schema_migrations"."version" FROM "schema_migrations" ORDER BY "schema_migrations"."version" ASC[0m
Migrating to CreateUsers (20220914215925)
  [1m[36mTRANSACTION (0.2ms)[0m  [1m[35mBEGIN[0m
  [1m[35m (17.5ms)[0m  [1m[35mCREATE TABLE "users" ("id" bigserial primary key, "username" character varying NOT NULL, "created_at" timestamp(6) NOT NULL, "updated_at" timestamp(6) NOT NULL)[0m
  [1m[35m (2.6ms)[0m  [1m[35mCREATE UNIQUE INDEX "index_users_on_username" ON "users" ("username")[0m
  [1m[36mActiveRecord::SchemaMigration Create (3.9ms)[0m  [1m[32mINSERT INTO "schema_migrations" ("version") VALUES ($1) RETURNING "version"[0m  [["version", "20220914215925"]]
  [1m[36mTRANSACTION (31.4ms)[0m  [1m[35mCOMMIT[0m
Migrating to CreateArtworks (20220914220639)
  [1m[36mTRANSACTION (0.5ms)[0m  [1m[35mBEGIN[0m
  [1m[35m (14.0ms)[0m  [1m[35mCREATE TABLE "artworks" ("id" bigserial primary key, "title" character varying NOT NULL, "image_url" character varying NOT NULL, "artist_id" bigint NOT NULL, "created_at" timestamp(6) NOT NULL, "updated_at" timestamp(6) NOT NULL, CONSTRAINT "fk_rails_61f542e710"
FOREIGN KEY ("artist_id")
  REFERENCES "users" ("id")
)[0m
  [1m[35m (3.8ms)[0m  [1m[35mCREATE INDEX "index_artworks_on_artist_id" ON "artworks" ("artist_id")[0m
  [1m[35m (2.3ms)[0m  [1m[35mCREATE UNIQUE INDEX "index_artworks_on_title_and_artist_id" ON "artworks" ("title", "artist_id")[0m
  [1m[36mActiveRecord::SchemaMigration Create (0.2ms)[0m  [1m[32mINSERT INTO "schema_migrations" ("version") VALUES ($1) RETURNING "version"[0m  [["version", "20220914220639"]]
  [1m[36mTRANSACTION (3.3ms)[0m  [1m[35mCOMMIT[0m
  [1m[36mActiveRecord::InternalMetadata Load (1.3ms)[0m  [1m[34mSELECT "ar_internal_metadata".* FROM "ar_internal_metadata" WHERE "ar_internal_metadata"."key" = $1 LIMIT $2[0m  [["key", "environment"], ["LIMIT", 1]]
  [1m[36mTRANSACTION (0.1ms)[0m  [1m[35mBEGIN[0m
  [1m[36mActiveRecord::InternalMetadata Create (2.7ms)[0m  [1m[32mINSERT INTO "ar_internal_metadata" ("key", "value", "created_at", "updated_at") VALUES ($1, $2, $3, $4) RETURNING "key"[0m  [["key", "environment"], ["value", "development"], ["created_at", "2022-09-14 22:23:03.978012"], ["updated_at", "2022-09-14 22:23:03.978012"]]
  [1m[36mTRANSACTION (0.9ms)[0m  [1m[35mCOMMIT[0m
  [1m[35m (0.2ms)[0m  [1m[34mSELECT pg_advisory_unlock(3609902438160378360)[0m
  [1m[36mActiveRecord::SchemaMigration Pluck (0.3ms)[0m  [1m[34mSELECT "schema_migrations"."version" FROM "schema_migrations" ORDER BY "schema_migrations"."version" ASC[0m
  [1m[36mActiveRecord::SchemaMigration Pluck (0.4ms)[0m  [1m[34mSELECT "schema_migrations"."version" FROM "schema_migrations" ORDER BY "schema_migrations"."version" ASC[0m
  [1m[35m (2.5ms)[0m  [1m[34mSELECT pg_try_advisory_lock(3609902438160378360)[0m
  [1m[36mActiveRecord::SchemaMigration Pluck (1.2ms)[0m  [1m[34mSELECT "schema_migrations"."version" FROM "schema_migrations" ORDER BY "schema_migrations"."version" ASC[0m
Migrating to CreateArtworkShares (20220914222726)
  [1m[36mTRANSACTION (0.2ms)[0m  [1m[35mBEGIN[0m
  [1m[35m (43.6ms)[0m  [1m[35mCREATE TABLE "artwork_shares" ("id" bigserial primary key, "artwork_id" bigint NOT NULL, "viewer_id" bigint NOT NULL, "created_at" timestamp(6) NOT NULL, "updated_at" timestamp(6) NOT NULL, CONSTRAINT "fk_rails_f5efbe8cf6"
FOREIGN KEY ("artwork_id")
  REFERENCES "artworks" ("id")
, CONSTRAINT "fk_rails_abdcd9d49f"
FOREIGN KEY ("viewer_id")
  REFERENCES "users" ("id")
)[0m
  [1m[35m (3.3ms)[0m  [1m[35mCREATE INDEX "index_artwork_shares_on_artwork_id" ON "artwork_shares" ("artwork_id")[0m
  [1m[35m (3.8ms)[0m  [1m[35mCREATE INDEX "index_artwork_shares_on_viewer_id" ON "artwork_shares" ("viewer_id")[0m
  [1m[35m (3.4ms)[0m  [1m[35mCREATE UNIQUE INDEX "index_artwork_shares_on_artwork_id_and_viewer_id" ON "artwork_shares" ("artwork_id", "viewer_id")[0m
  [1m[36mActiveRecord::SchemaMigration Create (2.1ms)[0m  [1m[32mINSERT INTO "schema_migrations" ("version") VALUES ($1) RETURNING "version"[0m  [["version", "20220914222726"]]
  [1m[36mTRANSACTION (8.7ms)[0m  [1m[35mCOMMIT[0m
  [1m[36mActiveRecord::InternalMetadata Load (1.0ms)[0m  [1m[34mSELECT "ar_internal_metadata".* FROM "ar_internal_metadata" WHERE "ar_internal_metadata"."key" = $1 LIMIT $2[0m  [["key", "environment"], ["LIMIT", 1]]
  [1m[35m (0.2ms)[0m  [1m[34mSELECT pg_advisory_unlock(3609902438160378360)[0m
  [1m[36mActiveRecord::SchemaMigration Pluck (0.3ms)[0m  [1m[34mSELECT "schema_migrations"."version" FROM "schema_migrations" ORDER BY "schema_migrations"."version" ASC[0m
  [1m[35m (0.2ms)[0m  [1m[34mSELECT pg_try_advisory_lock(3609902438160378360)[0m
  [1m[36mActiveRecord::SchemaMigration Pluck (0.5ms)[0m  [1m[34mSELECT "schema_migrations"."version" FROM "schema_migrations" ORDER BY "schema_migrations"."version" ASC[0m
Migrating to CreateArtworkShares (20220914222726)
  [1m[36mTRANSACTION (0.2ms)[0m  [1m[35mBEGIN[0m
  [1m[35m (71.7ms)[0m  [1m[35mCREATE TABLE "artwork_shares" ("id" bigserial primary key, "artwork_id" bigint NOT NULL, "viewer_id" bigint NOT NULL, "created_at" timestamp(6) NOT NULL, "updated_at" timestamp(6) NOT NULL, CONSTRAINT "fk_rails_f5efbe8cf6"
FOREIGN KEY ("artwork_id")
  REFERENCES "artworks" ("id")
, CONSTRAINT "fk_rails_abdcd9d49f"
FOREIGN KEY ("viewer_id")
  REFERENCES "users" ("id")
)[0m
  [1m[35m (2.9ms)[0m  [1m[35mCREATE INDEX "index_artwork_shares_on_artwork_id" ON "artwork_shares" ("artwork_id")[0m
  [1m[35m (2.7ms)[0m  [1m[35mCREATE INDEX "index_artwork_shares_on_viewer_id" ON "artwork_shares" ("viewer_id")[0m
  [1m[35m (4.0ms)[0m  [1m[35mCREATE UNIQUE INDEX "index_artwork_shares_on_artwork_id_and_viewer_id" ON "artwork_shares" ("artwork_id", "viewer_id")[0m
  [1m[36mActiveRecord::SchemaMigration Create (1.0ms)[0m  [1m[32mINSERT INTO "schema_migrations" ("version") VALUES ($1) RETURNING "version"[0m  [["version", "20220914222726"]]
  [1m[36mTRANSACTION (2.1ms)[0m  [1m[35mCOMMIT[0m
  [1m[36mActiveRecord::InternalMetadata Load (0.9ms)[0m  [1m[34mSELECT "ar_internal_metadata".* FROM "ar_internal_metadata" WHERE "ar_internal_metadata"."key" = $1 LIMIT $2[0m  [["key", "environment"], ["LIMIT", 1]]
  [1m[35m (0.9ms)[0m  [1m[34mSELECT pg_advisory_unlock(3609902438160378360)[0m
  [1m[36mActiveRecord::SchemaMigration Pluck (1.6ms)[0m  [1m[34mSELECT "schema_migrations"."version" FROM "schema_migrations" ORDER BY "schema_migrations"."version" ASC[0m
  [1m[36mActiveRecord::SchemaMigration Pluck (0.5ms)[0m  [1m[34mSELECT "schema_migrations"."version" FROM "schema_migrations" ORDER BY "schema_migrations"."version" ASC[0m
  [1m[36mActiveRecord::SchemaMigration Pluck (1.1ms)[0m  [1m[34mSELECT "schema_migrations"."version" FROM "schema_migrations" ORDER BY "schema_migrations"."version" ASC[0m
  [1m[36mActiveRecord::SchemaMigration Pluck (0.6ms)[0m  [1m[34mSELECT "schema_migrations"."version" FROM "schema_migrations" ORDER BY "schema_migrations"."version" ASC[0m
  [1m[36mTRANSACTION (0.3ms)[0m  [1m[35mBEGIN[0m
  [1m[36mUser Exists? (1.5ms)[0m  [1m[34mSELECT 1 AS one FROM "users" WHERE "users"."username" = $1 LIMIT $2[0m  [["username", "Michael Shih"], ["LIMIT", 1]]
  [1m[36mUser Create (1.2ms)[0m  [1m[32mINSERT INTO "users" ("username", "created_at", "updated_at") VALUES ($1, $2, $3) RETURNING "id"[0m  [["username", "Michael Shih"], ["created_at", "2022-09-14 23:21:10.294904"], ["updated_at", "2022-09-14 23:21:10.294904"]]
  [1m[36mTRANSACTION (3.5ms)[0m  [1m[35mCOMMIT[0m
  [1m[36mTRANSACTION (0.4ms)[0m  [1m[35mBEGIN[0m
  [1m[36mUser Exists? (0.7ms)[0m  [1m[34mSELECT 1 AS one FROM "users" WHERE "users"."username" = $1 LIMIT $2[0m  [["username", "Michael Aman"], ["LIMIT", 1]]
  [1m[36mUser Create (0.7ms)[0m  [1m[32mINSERT INTO "users" ("username", "created_at", "updated_at") VALUES ($1, $2, $3) RETURNING "id"[0m  [["username", "Michael Aman"], ["created_at", "2022-09-14 23:21:10.313150"], ["updated_at", "2022-09-14 23:21:10.313150"]]
  [1m[36mTRANSACTION (1.3ms)[0m  [1m[35mCOMMIT[0m
  [1m[36mTRANSACTION (0.4ms)[0m  [1m[35mBEGIN[0m
  [1m[36mUser Exists? (0.6ms)[0m  [1m[34mSELECT 1 AS one FROM "users" WHERE "users"."username" = $1 LIMIT $2[0m  [["username", "Michael Madsen"], ["LIMIT", 1]]
  [1m[36mUser Create (0.6ms)[0m  [1m[32mINSERT INTO "users" ("username", "created_at", "updated_at") VALUES ($1, $2, $3) RETURNING "id"[0m  [["username", "Michael Madsen"], ["created_at", "2022-09-14 23:21:10.326612"], ["updated_at", "2022-09-14 23:21:10.326612"]]
  [1m[36mTRANSACTION (1.4ms)[0m  [1m[35mCOMMIT[0m
  [1m[36mActiveRecord::SchemaMigration Pluck (0.6ms)[0m  [1m[34mSELECT "schema_migrations"."version" FROM "schema_migrations" ORDER BY "schema_migrations"."version" ASC[0m
  [1m[36mTRANSACTION (0.2ms)[0m  [1m[35mBEGIN[0m
  [1m[36mUser Exists? (0.7ms)[0m  [1m[34mSELECT 1 AS one FROM "users" WHERE "users"."username" = $1 LIMIT $2[0m  [["username", "Michael Shih"], ["LIMIT", 1]]
  [1m[36mTRANSACTION (0.5ms)[0m  [1m[31mROLLBACK[0m
  [1m[36mActiveRecord::SchemaMigration Pluck (0.7ms)[0m  [1m[34mSELECT "schema_migrations"."version" FROM "schema_migrations" ORDER BY "schema_migrations"."version" ASC[0m
  [1m[36mTRANSACTION (0.2ms)[0m  [1m[35mBEGIN[0m
  [1m[36mUser Load (0.8ms)[0m  [1m[34mSELECT "users".* FROM "users"[0m
  [1m[36mTRANSACTION (0.5ms)[0m  [1m[31mROLLBACK[0m
  [1m[36mActiveRecord::SchemaMigration Pluck (0.6ms)[0m  [1m[34mSELECT "schema_migrations"."version" FROM "schema_migrations" ORDER BY "schema_migrations"."version" ASC[0m
  [1m[36mTRANSACTION (0.2ms)[0m  [1m[35mBEGIN[0m
  [1m[36mUser Load (0.8ms)[0m  [1m[34mSELECT "users".* FROM "users"[0m
  [1m[36mTRANSACTION (0.3ms)[0m  [1m[31mROLLBACK[0m
  [1m[36mActiveRecord::SchemaMigration Pluck (0.6ms)[0m  [1m[34mSELECT "schema_migrations"."version" FROM "schema_migrations" ORDER BY "schema_migrations"."version" ASC[0m
  [1m[36mTRANSACTION (0.3ms)[0m  [1m[35mBEGIN[0m
  [1m[36mUser Load (1.0ms)[0m  [1m[34mSELECT "users".* FROM "users"[0m
  [1m[36mTRANSACTION (0.3ms)[0m  [1m[31mROLLBACK[0m
  [1m[36mActiveRecord::SchemaMigration Pluck (0.6ms)[0m  [1m[34mSELECT "schema_migrations"."version" FROM "schema_migrations" ORDER BY "schema_migrations"."version" ASC[0m
  [1m[36mTRANSACTION (0.2ms)[0m  [1m[35mBEGIN[0m
  [1m[36mUser Load (0.7ms)[0m  [1m[34mSELECT "users".* FROM "users"[0m
  [1m[36mTRANSACTION (0.4ms)[0m  [1m[31mROLLBACK[0m
  [1m[36mActiveRecord::SchemaMigration Pluck (0.6ms)[0m  [1m[34mSELECT "schema_migrations"."version" FROM "schema_migrations" ORDER BY "schema_migrations"."version" ASC[0m
  [1m[36mTRANSACTION (0.2ms)[0m  [1m[35mBEGIN[0m
  [1m[36mUser Load (1.0ms)[0m  [1m[34mSELECT "users".* FROM "users"[0m
  [1m[36mArtwork Load (1.5ms)[0m  [1m[34mSELECT "artworks".* FROM "artworks" WHERE "artworks"."artist_id" = $1[0m  [["artist_id", 1]]
  [1m[36mArtworkShare Load (1.1ms)[0m  [1m[34mSELECT "artwork_shares".* FROM "artwork_shares" WHERE "artwork_shares"."viewer_id" = $1[0m  [["viewer_id", 1]]
  [1m[36mUser Destroy (1.7ms)[0m  [1m[31mDELETE FROM "users" WHERE "users"."id" = $1[0m  [["id", 1]]
  [1m[36mArtwork Load (0.5ms)[0m  [1m[34mSELECT "artworks".* FROM "artworks" WHERE "artworks"."artist_id" = $1[0m  [["artist_id", 2]]
  [1m[36mArtworkShare Load (0.6ms)[0m  [1m[34mSELECT "artwork_shares".* FROM "artwork_shares" WHERE "artwork_shares"."viewer_id" = $1[0m  [["viewer_id", 2]]
  [1m[36mUser Destroy (1.1ms)[0m  [1m[31mDELETE FROM "users" WHERE "users"."id" = $1[0m  [["id", 2]]
  [1m[36mArtwork Load (0.6ms)[0m  [1m[34mSELECT "artworks".* FROM "artworks" WHERE "artworks"."artist_id" = $1[0m  [["artist_id", 3]]
  [1m[36mArtworkShare Load (0.5ms)[0m  [1m[34mSELECT "artwork_shares".* FROM "artwork_shares" WHERE "artwork_shares"."viewer_id" = $1[0m  [["viewer_id", 3]]
  [1m[36mUser Destroy (1.1ms)[0m  [1m[31mDELETE FROM "users" WHERE "users"."id" = $1[0m  [["id", 3]]
  [1m[36mArtwork Load (0.5ms)[0m  [1m[34mSELECT "artworks".* FROM "artworks"[0m
  [1m[36mArtworkShare Load (0.6ms)[0m  [1m[34mSELECT "artwork_shares".* FROM "artwork_shares"[0m
  [1m[36mUser Exists? (1.3ms)[0m  [1m[34mSELECT 1 AS one FROM "users" WHERE "users"."username" = $1 LIMIT $2[0m  [["username", "Michael Shih"], ["LIMIT", 1]]
  [1m[36mUser Create (1.0ms)[0m  [1m[32mINSERT INTO "users" ("username", "created_at", "updated_at") VALUES ($1, $2, $3) RETURNING "id"[0m  [["username", "Michael Shih"], ["created_at", "2022-09-14 23:36:36.699925"], ["updated_at", "2022-09-14 23:36:36.699925"]]
  [1m[36mUser Exists? (1.2ms)[0m  [1m[34mSELECT 1 AS one FROM "users" WHERE "users"."username" = $1 LIMIT $2[0m  [["username", "Michael Aman"], ["LIMIT", 1]]
  [1m[36mUser Create (0.7ms)[0m  [1m[32mINSERT INTO "users" ("username", "created_at", "updated_at") VALUES ($1, $2, $3) RETURNING "id"[0m  [["username", "Michael Aman"], ["created_at", "2022-09-14 23:36:36.714479"], ["updated_at", "2022-09-14 23:36:36.714479"]]
  [1m[36mUser Exists? (1.0ms)[0m  [1m[34mSELECT 1 AS one FROM "users" WHERE "users"."username" = $1 LIMIT $2[0m  [["username", "Michael Madsen"], ["LIMIT", 1]]
  [1m[36mUser Create (0.9ms)[0m  [1m[32mINSERT INTO "users" ("username", "created_at", "updated_at") VALUES ($1, $2, $3) RETURNING "id"[0m  [["username", "Michael Madsen"], ["created_at", "2022-09-14 23:36:36.743684"], ["updated_at", "2022-09-14 23:36:36.743684"]]
  [1m[36mArtwork Exists? (0.8ms)[0m  [1m[34mSELECT 1 AS one FROM "artworks" WHERE "artworks"."title" = $1 AND "artworks"."artist_id" = $2 LIMIT $3[0m  [["title", "puppy"], ["artist_id", 1], ["LIMIT", 1]]
  [1m[36mUser Load (0.4ms)[0m  [1m[34mSELECT "users".* FROM "users" WHERE "users"."id" = $1 LIMIT $2[0m  [["id", 1], ["LIMIT", 1]]
  [1m[36mArtwork Create (1.0ms)[0m  [1m[32mINSERT INTO "artworks" ("title", "image_url", "artist_id", "created_at", "updated_at") VALUES ($1, $2, $3, $4, $5) RETURNING "id"[0m  [["title", "puppy"], ["image_url", "https://en.wikipedia.org/wiki/Puppy"], ["artist_id", 1], ["created_at", "2022-09-14 23:36:36.776429"], ["updated_at", "2022-09-14 23:36:36.776429"]]
  [1m[36mArtwork Exists? (0.8ms)[0m  [1m[34mSELECT 1 AS one FROM "artworks" WHERE "artworks"."title" = $1 AND "artworks"."artist_id" = $2 LIMIT $3[0m  [["title", "kittens"], ["artist_id", 2], ["LIMIT", 1]]
  [1m[36mUser Load (0.3ms)[0m  [1m[34mSELECT "users".* FROM "users" WHERE "users"."id" = $1 LIMIT $2[0m  [["id", 2], ["LIMIT", 1]]
  [1m[36mArtwork Create (0.5ms)[0m  [1m[32mINSERT INTO "artworks" ("title", "image_url", "artist_id", "created_at", "updated_at") VALUES ($1, $2, $3, $4, $5) RETURNING "id"[0m  [["title", "kittens"], ["image_url", "https://en.wikipedia.org/wiki/kittens"], ["artist_id", 2], ["created_at", "2022-09-14 23:36:36.786898"], ["updated_at", "2022-09-14 23:36:36.786898"]]
  [1m[36mArtwork Exists? (0.4ms)[0m  [1m[34mSELECT 1 AS one FROM "artworks" WHERE "artworks"."title" = $1 AND "artworks"."artist_id" = $2 LIMIT $3[0m  [["title", "puppy2"], ["artist_id", 3], ["LIMIT", 1]]
  [1m[36mUser Load (0.3ms)[0m  [1m[34mSELECT "users".* FROM "users" WHERE "users"."id" = $1 LIMIT $2[0m  [["id", 3], ["LIMIT", 1]]
  [1m[36mArtwork Create (0.6ms)[0m  [1m[32mINSERT INTO "artworks" ("title", "image_url", "artist_id", "created_at", "updated_at") VALUES ($1, $2, $3, $4, $5) RETURNING "id"[0m  [["title", "puppy2"], ["image_url", "https://en.wikipedia.org/wiki/Puppy2"], ["artist_id", 3], ["created_at", "2022-09-14 23:36:36.794812"], ["updated_at", "2022-09-14 23:36:36.794812"]]
  [1m[36mArtworkShare Exists? (0.4ms)[0m  [1m[34mSELECT 1 AS one FROM "artwork_shares" WHERE "artwork_shares"."viewer_id" = $1 AND "artwork_shares"."artwork_id" = $2 LIMIT $3[0m  [["viewer_id", 2], ["artwork_id", 1], ["LIMIT", 1]]
  [1m[36mArtwork Load (0.4ms)[0m  [1m[34mSELECT "artworks".* FROM "artworks" WHERE "artworks"."id" = $1 LIMIT $2[0m  [["id", 1], ["LIMIT", 1]]
  [1m[36mUser Load (0.3ms)[0m  [1m[34mSELECT "users".* FROM "users" WHERE "users"."id" = $1 LIMIT $2[0m  [["id", 2], ["LIMIT", 1]]
  [1m[36mArtworkShare Create (0.9ms)[0m  [1m[32mINSERT INTO "artwork_shares" ("artwork_id", "viewer_id", "created_at", "updated_at") VALUES ($1, $2, $3, $4) RETURNING "id"[0m  [["artwork_id", 1], ["viewer_id", 2], ["created_at", "2022-09-14 23:36:36.815294"], ["updated_at", "2022-09-14 23:36:36.815294"]]
  [1m[36mArtworkShare Exists? (0.4ms)[0m  [1m[34mSELECT 1 AS one FROM "artwork_shares" WHERE "artwork_shares"."viewer_id" = $1 AND "artwork_shares"."artwork_id" = $2 LIMIT $3[0m  [["viewer_id", 3], ["artwork_id", 1], ["LIMIT", 1]]
  [1m[36mArtwork Load (0.3ms)[0m  [1m[34mSELECT "artworks".* FROM "artworks" WHERE "artworks"."id" = $1 LIMIT $2[0m  [["id", 1], ["LIMIT", 1]]
  [1m[36mUser Load (0.2ms)[0m  [1m[34mSELECT "users".* FROM "users" WHERE "users"."id" = $1 LIMIT $2[0m  [["id", 3], ["LIMIT", 1]]
  [1m[36mArtworkShare Create (0.5ms)[0m  [1m[32mINSERT INTO "artwork_shares" ("artwork_id", "viewer_id", "created_at", "updated_at") VALUES ($1, $2, $3, $4) RETURNING "id"[0m  [["artwork_id", 1], ["viewer_id", 3], ["created_at", "2022-09-14 23:36:36.825007"], ["updated_at", "2022-09-14 23:36:36.825007"]]
  [1m[36mArtworkShare Exists? (0.3ms)[0m  [1m[34mSELECT 1 AS one FROM "artwork_shares" WHERE "artwork_shares"."viewer_id" = $1 AND "artwork_shares"."artwork_id" = $2 LIMIT $3[0m  [["viewer_id", 2], ["artwork_id", 3], ["LIMIT", 1]]
  [1m[36mArtwork Load (0.2ms)[0m  [1m[34mSELECT "artworks".* FROM "artworks" WHERE "artworks"."id" = $1 LIMIT $2[0m  [["id", 3], ["LIMIT", 1]]
  [1m[36mUser Load (0.3ms)[0m  [1m[34mSELECT "users".* FROM "users" WHERE "users"."id" = $1 LIMIT $2[0m  [["id", 2], ["LIMIT", 1]]
  [1m[36mArtworkShare Create (0.4ms)[0m  [1m[32mINSERT INTO "artwork_shares" ("artwork_id", "viewer_id", "created_at", "updated_at") VALUES ($1, $2, $3, $4) RETURNING "id"[0m  [["artwork_id", 3], ["viewer_id", 2], ["created_at", "2022-09-14 23:36:36.833603"], ["updated_at", "2022-09-14 23:36:36.833603"]]
  [1m[36mArtworkShare Exists? (0.3ms)[0m  [1m[34mSELECT 1 AS one FROM "artwork_shares" WHERE "artwork_shares"."viewer_id" = $1 AND "artwork_shares"."artwork_id" = $2 LIMIT $3[0m  [["viewer_id", 1], ["artwork_id", 3], ["LIMIT", 1]]
  [1m[36mArtwork Load (0.2ms)[0m  [1m[34mSELECT "artworks".* FROM "artworks" WHERE "artworks"."id" = $1 LIMIT $2[0m  [["id", 3], ["LIMIT", 1]]
  [1m[36mUser Load (0.2ms)[0m  [1m[34mSELECT "users".* FROM "users" WHERE "users"."id" = $1 LIMIT $2[0m  [["id", 1], ["LIMIT", 1]]
  [1m[36mArtworkShare Create (0.4ms)[0m  [1m[32mINSERT INTO "artwork_shares" ("artwork_id", "viewer_id", "created_at", "updated_at") VALUES ($1, $2, $3, $4) RETURNING "id"[0m  [["artwork_id", 3], ["viewer_id", 1], ["created_at", "2022-09-14 23:36:36.842346"], ["updated_at", "2022-09-14 23:36:36.842346"]]
  [1m[36mTRANSACTION (0.7ms)[0m  [1m[35mCOMMIT[0m
  [1m[36mUser Load (0.7ms)[0m  [1m[34mSELECT "users".* FROM "users"[0m
  [1m[36mArtwork Load (1.6ms)[0m  [1m[34mSELECT "artworks".* FROM "artworks"[0m
  [1m[36mArtworkShare Load (1.5ms)[0m  [1m[34mSELECT "artwork_shares".* FROM "artwork_shares"[0m
  [1m[36mTRANSACTION (0.5ms)[0m  [1m[35mBEGIN[0m
  [1m[36mUser Exists? (0.8ms)[0m  [1m[34mSELECT 1 AS one FROM "users" WHERE "users"."username" IS NULL LIMIT $1[0m  [["LIMIT", 1]]
  [1m[36mTRANSACTION (0.9ms)[0m  [1m[31mROLLBACK[0m
  [1m[36mTRANSACTION (0.4ms)[0m  [1m[35mBEGIN[0m
  [1m[36mUser Exists? (1.7ms)[0m  [1m[34mSELECT 1 AS one FROM "users" WHERE "users"."username" = $1 LIMIT $2[0m  [["username", "Michael Shih"], ["LIMIT", 1]]
  [1m[36mTRANSACTION (0.5ms)[0m  [1m[31mROLLBACK[0m
  [1m[36mTRANSACTION (0.5ms)[0m  [1m[35mBEGIN[0m
  [1m[36mUser Exists? (1.0ms)[0m  [1m[34mSELECT 1 AS one FROM "users" WHERE "users"."username" = $1 LIMIT $2[0m  [["username", "New User"], ["LIMIT", 1]]
  [1m[36mUser Create (1.1ms)[0m  [1m[32mINSERT INTO "users" ("username", "created_at", "updated_at") VALUES ($1, $2, $3) RETURNING "id"[0m  [["username", "New User"], ["created_at", "2022-09-14 23:41:55.425711"], ["updated_at", "2022-09-14 23:41:55.425711"]]
  [1m[36mTRANSACTION (60.7ms)[0m  [1m[35mCOMMIT[0m
  [1m[36mTRANSACTION (0.5ms)[0m  [1m[35mBEGIN[0m
  [1m[36mArtwork Exists? (1.0ms)[0m  [1m[34mSELECT 1 AS one FROM "artworks" WHERE "artworks"."title" = $1 AND "artworks"."artist_id" = $2 LIMIT $3[0m  [["title", "title"], ["artist_id", 4], ["LIMIT", 1]]
  [1m[36mUser Load (0.9ms)[0m  [1m[34mSELECT "users".* FROM "users" WHERE "users"."id" = $1 LIMIT $2[0m  [["id", 4], ["LIMIT", 1]]
  [1m[36mTRANSACTION (0.8ms)[0m  [1m[31mROLLBACK[0m
  [1m[36mUser Load (1.0ms)[0m  [1m[34mSELECT "users".* FROM "users" ORDER BY "users"."id" ASC LIMIT $1[0m  [["LIMIT", 1]]
  [1m[36mTRANSACTION (0.3ms)[0m  [1m[35mBEGIN[0m
  [1m[36mArtwork Exists? (0.6ms)[0m  [1m[34mSELECT 1 AS one FROM "artworks" WHERE "artworks"."title" = $1 AND "artworks"."artist_id" = $2 LIMIT $3[0m  [["title", "title"], ["artist_id", 1], ["LIMIT", 1]]
  [1m[36mUser Load (0.4ms)[0m  [1m[34mSELECT "users".* FROM "users" WHERE "users"."id" = $1 LIMIT $2[0m  [["id", 1], ["LIMIT", 1]]
  [1m[36mTRANSACTION (0.4ms)[0m  [1m[31mROLLBACK[0m
  [1m[36mTRANSACTION (0.5ms)[0m  [1m[35mBEGIN[0m
  [1m[36mArtwork Exists? (1.0ms)[0m  [1m[34mSELECT 1 AS one FROM "artworks" WHERE "artworks"."title" = $1 AND "artworks"."artist_id" = $2 LIMIT $3[0m  [["title", "title"], ["artist_id", 1], ["LIMIT", 1]]
  [1m[36mUser Load (0.7ms)[0m  [1m[34mSELECT "users".* FROM "users" WHERE "users"."id" = $1 LIMIT $2[0m  [["id", 1], ["LIMIT", 1]]
  [1m[36mArtwork Create (1.4ms)[0m  [1m[32mINSERT INTO "artworks" ("title", "image_url", "artist_id", "created_at", "updated_at") VALUES ($1, $2, $3, $4, $5) RETURNING "id"[0m  [["title", "title"], ["image_url", "url"], ["artist_id", 1], ["created_at", "2022-09-14 23:45:17.739374"], ["updated_at", "2022-09-14 23:45:17.739374"]]
  [1m[36mTRANSACTION (61.2ms)[0m  [1m[35mCOMMIT[0m
  [1m[36mTRANSACTION (0.2ms)[0m  [1m[35mBEGIN[0m
  [1m[36mArtwork Exists? (0.6ms)[0m  [1m[34mSELECT 1 AS one FROM "artworks" WHERE "artworks"."title" = $1 AND "artworks"."artist_id" = $2 LIMIT $3[0m  [["title", "title"], ["artist_id", 1], ["LIMIT", 1]]
  [1m[36mUser Load (0.4ms)[0m  [1m[34mSELECT "users".* FROM "users" WHERE "users"."id" = $1 LIMIT $2[0m  [["id", 1], ["LIMIT", 1]]
  [1m[36mTRANSACTION (0.3ms)[0m  [1m[31mROLLBACK[0m
  [1m[36mTRANSACTION (0.5ms)[0m  [1m[35mBEGIN[0m
  [1m[36mArtworkShare Exists? (0.9ms)[0m  [1m[34mSELECT 1 AS one FROM "artwork_shares" WHERE "artwork_shares"."viewer_id" IS NULL AND "artwork_shares"."artwork_id" IS NULL LIMIT $1[0m  [["LIMIT", 1]]
  [1m[36mTRANSACTION (0.6ms)[0m  [1m[31mROLLBACK[0m
  [1m[36mArtwork Load (0.8ms)[0m  [1m[34mSELECT "artworks".* FROM "artworks" ORDER BY "artworks"."id" ASC LIMIT $1[0m  [["LIMIT", 1]]
  [1m[36mTRANSACTION (0.4ms)[0m  [1m[35mBEGIN[0m
  [1m[36mArtworkShare Exists? (0.9ms)[0m  [1m[34mSELECT 1 AS one FROM "artwork_shares" WHERE "artwork_shares"."viewer_id" = $1 AND "artwork_shares"."artwork_id" = $2 LIMIT $3[0m  [["viewer_id", 1], ["artwork_id", 1], ["LIMIT", 1]]
  [1m[36mArtwork Load (0.7ms)[0m  [1m[34mSELECT "artworks".* FROM "artworks" WHERE "artworks"."id" = $1 LIMIT $2[0m  [["id", 1], ["LIMIT", 1]]
  [1m[36mUser Load (0.7ms)[0m  [1m[34mSELECT "users".* FROM "users" WHERE "users"."id" = $1 LIMIT $2[0m  [["id", 1], ["LIMIT", 1]]
  [1m[36mArtworkShare Create (2.0ms)[0m  [1m[32mINSERT INTO "artwork_shares" ("artwork_id", "viewer_id", "created_at", "updated_at") VALUES ($1, $2, $3, $4) RETURNING "id"[0m  [["artwork_id", 1], ["viewer_id", 1], ["created_at", "2022-09-14 23:48:02.655820"], ["updated_at", "2022-09-14 23:48:02.655820"]]
  [1m[36mTRANSACTION (60.8ms)[0m  [1m[35mCOMMIT[0m
  [1m[36mArtwork Load (1.0ms)[0m  [1m[34mSELECT "artworks".* FROM "artworks" ORDER BY "artworks"."id" ASC LIMIT $1[0m  [["LIMIT", 1]]
  [1m[36mTRANSACTION (0.5ms)[0m  [1m[35mBEGIN[0m
  [1m[36mArtworkShare Exists? (1.3ms)[0m  [1m[34mSELECT 1 AS one FROM "artwork_shares" WHERE "artwork_shares"."viewer_id" = $1 AND "artwork_shares"."artwork_id" = $2 LIMIT $3[0m  [["viewer_id", 1], ["artwork_id", 1], ["LIMIT", 1]]
  [1m[36mArtwork Load (0.9ms)[0m  [1m[34mSELECT "artworks".* FROM "artworks" WHERE "artworks"."id" = $1 LIMIT $2[0m  [["id", 1], ["LIMIT", 1]]
  [1m[36mUser Load (0.8ms)[0m  [1m[34mSELECT "users".* FROM "users" WHERE "users"."id" = $1 LIMIT $2[0m  [["id", 1], ["LIMIT", 1]]
  [1m[36mTRANSACTION (0.5ms)[0m  [1m[31mROLLBACK[0m
  [1m[36mArtwork Load (0.8ms)[0m  [1m[34mSELECT "artworks".* FROM "artworks" ORDER BY "artworks"."id" ASC LIMIT $1[0m  [["LIMIT", 1]]
  [1m[36mTRANSACTION (0.3ms)[0m  [1m[35mBEGIN[0m
  [1m[36mArtworkShare Exists? (0.8ms)[0m  [1m[34mSELECT 1 AS one FROM "artwork_shares" WHERE "artwork_shares"."viewer_id" = $1 AND "artwork_shares"."artwork_id" = $2 LIMIT $3[0m  [["viewer_id", 1], ["artwork_id", 1], ["LIMIT", 1]]
  [1m[36mArtwork Load (0.6ms)[0m  [1m[34mSELECT "artworks".* FROM "artworks" WHERE "artworks"."id" = $1 LIMIT $2[0m  [["id", 1], ["LIMIT", 1]]
  [1m[36mUser Load (0.4ms)[0m  [1m[34mSELECT "users".* FROM "users" WHERE "users"."id" = $1 LIMIT $2[0m  [["id", 1], ["LIMIT", 1]]
  [1m[36mTRANSACTION (0.4ms)[0m  [1m[31mROLLBACK[0m
  [1m[36mUser Load (1.5ms)[0m  [1m[34mSELECT "users".* FROM "users" ORDER BY "users"."id" ASC LIMIT $1 OFFSET $2[0m  [["LIMIT", 1], ["OFFSET", 1]]
  [1m[36mArtwork Load (0.6ms)[0m  [1m[34mSELECT "artworks".* FROM "artworks" ORDER BY "artworks"."id" ASC LIMIT $1[0m  [["LIMIT", 1]]
  [1m[36mTRANSACTION (0.4ms)[0m  [1m[35mBEGIN[0m
  [1m[36mArtworkShare Exists? (0.9ms)[0m  [1m[34mSELECT 1 AS one FROM "artwork_shares" WHERE "artwork_shares"."viewer_id" = $1 AND "artwork_shares"."artwork_id" = $2 LIMIT $3[0m  [["viewer_id", 2], ["artwork_id", 1], ["LIMIT", 1]]
  [1m[36mArtwork Load (0.6ms)[0m  [1m[34mSELECT "artworks".* FROM "artworks" WHERE "artworks"."id" = $1 LIMIT $2[0m  [["id", 1], ["LIMIT", 1]]
  [1m[36mUser Load (0.4ms)[0m  [1m[34mSELECT "users".* FROM "users" WHERE "users"."id" = $1 LIMIT $2[0m  [["id", 2], ["LIMIT", 1]]
  [1m[36mTRANSACTION (0.4ms)[0m  [1m[31mROLLBACK[0m
  [1m[36mUser Load (0.9ms)[0m  [1m[34mSELECT "users".* FROM "users" ORDER BY "users"."id" ASC LIMIT $1 OFFSET $2[0m  [["LIMIT", 1], ["OFFSET", 2]]
  [1m[36mArtwork Load (0.8ms)[0m  [1m[34mSELECT "artworks".* FROM "artworks" ORDER BY "artworks"."id" ASC LIMIT $1[0m  [["LIMIT", 1]]
  [1m[36mTRANSACTION (0.4ms)[0m  [1m[35mBEGIN[0m
  [1m[36mArtworkShare Exists? (0.8ms)[0m  [1m[34mSELECT 1 AS one FROM "artwork_shares" WHERE "artwork_shares"."viewer_id" = $1 AND "artwork_shares"."artwork_id" = $2 LIMIT $3[0m  [["viewer_id", 3], ["artwork_id", 1], ["LIMIT", 1]]
  [1m[36mArtwork Load (0.7ms)[0m  [1m[34mSELECT "artworks".* FROM "artworks" WHERE "artworks"."id" = $1 LIMIT $2[0m  [["id", 1], ["LIMIT", 1]]
  [1m[36mUser Load (0.6ms)[0m  [1m[34mSELECT "users".* FROM "users" WHERE "users"."id" = $1 LIMIT $2[0m  [["id", 3], ["LIMIT", 1]]
  [1m[36mTRANSACTION (0.5ms)[0m  [1m[31mROLLBACK[0m
  [1m[36mUser Load (0.8ms)[0m  [1m[34mSELECT "users".* FROM "users" ORDER BY "users"."id" ASC LIMIT $1 OFFSET $2[0m  [["LIMIT", 1], ["OFFSET", 3]]
  [1m[36mArtwork Load (1.0ms)[0m  [1m[34mSELECT "artworks".* FROM "artworks" ORDER BY "artworks"."id" ASC LIMIT $1[0m  [["LIMIT", 1]]
  [1m[36mTRANSACTION (0.5ms)[0m  [1m[35mBEGIN[0m
  [1m[36mArtworkShare Exists? (0.8ms)[0m  [1m[34mSELECT 1 AS one FROM "artwork_shares" WHERE "artwork_shares"."viewer_id" = $1 AND "artwork_shares"."artwork_id" = $2 LIMIT $3[0m  [["viewer_id", 4], ["artwork_id", 1], ["LIMIT", 1]]
  [1m[36mArtwork Load (0.7ms)[0m  [1m[34mSELECT "artworks".* FROM "artworks" WHERE "artworks"."id" = $1 LIMIT $2[0m  [["id", 1], ["LIMIT", 1]]
  [1m[36mUser Load (3.8ms)[0m  [1m[34mSELECT "users".* FROM "users" WHERE "users"."id" = $1 LIMIT $2[0m  [["id", 4], ["LIMIT", 1]]
  [1m[36mArtworkShare Create (1.4ms)[0m  [1m[32mINSERT INTO "artwork_shares" ("artwork_id", "viewer_id", "created_at", "updated_at") VALUES ($1, $2, $3, $4) RETURNING "id"[0m  [["artwork_id", 1], ["viewer_id", 4], ["created_at", "2022-09-14 23:50:37.902761"], ["updated_at", "2022-09-14 23:50:37.902761"]]
  [1m[36mTRANSACTION (60.8ms)[0m  [1m[35mCOMMIT[0m
